<?xml version="1.0" encoding="UTF-8"?>
<testsuite xmlns:xsi="http://www.w3.org/2001/XMLSchema-instance" xsi:noNamespaceSchemaLocation="https://maven.apache.org/surefire/maven-surefire-plugin/xsd/surefire-test-report-3.0.xsd" version="3.0" name="Pruebas.RegistrarViajeTest" time="0.055" tests="7" errors="0" skipped="0" failures="0">
  <properties>
    <property name="java.specification.version" value="24"/>
    <property name="sun.cpu.isalist" value="amd64"/>
    <property name="sun.jnu.encoding" value="Cp1252"/>
    <property name="java.class.path" value="C:\Users\adell\OneDrive\Documentos\GitHub\proyectoViajesDiseno\Pruebas_Viaje\target\test-classes;C:\Users\adell\OneDrive\Documentos\GitHub\proyectoViajesDiseno\Pruebas_Viaje\target\classes;C:\Users\adell\.m2\repository\itson\dto_negocios\1.0\dto_negocios-1.0.jar;C:\Users\adell\.m2\repository\itson\negocios_registrarViaje\1.0\negocios_registrarViaje-1.0.jar;C:\Users\adell\.m2\repository\org\junit\jupiter\junit-jupiter-api\5.6.0\junit-jupiter-api-5.6.0.jar;C:\Users\adell\.m2\repository\org\apiguardian\apiguardian-api\1.1.0\apiguardian-api-1.1.0.jar;C:\Users\adell\.m2\repository\org\opentest4j\opentest4j\1.2.0\opentest4j-1.2.0.jar;C:\Users\adell\.m2\repository\org\junit\platform\junit-platform-commons\1.6.0\junit-platform-commons-1.6.0.jar;C:\Users\adell\.m2\repository\org\junit\jupiter\junit-jupiter-params\5.6.0\junit-jupiter-params-5.6.0.jar;C:\Users\adell\.m2\repository\org\junit\jupiter\junit-jupiter-engine\5.6.0\junit-jupiter-engine-5.6.0.jar;C:\Users\adell\.m2\repository\org\junit\platform\junit-platform-engine\1.6.0\junit-platform-engine-1.6.0.jar;"/>
    <property name="java.vm.vendor" value="Oracle Corporation"/>
    <property name="sun.arch.data.model" value="64"/>
    <property name="user.variant" value=""/>
    <property name="java.vendor.url" value="https://java.oracle.com/"/>
    <property name="user.timezone" value="America/Hermosillo"/>
    <property name="os.name" value="Windows 11"/>
    <property name="java.vm.specification.version" value="24"/>
    <property name="user.country" value="MX"/>
    <property name="sun.java.launcher" value="SUN_STANDARD"/>
    <property name="sun.boot.library.path" value="C:\Program Files\Java\jdk-24\bin"/>
    <property name="sun.java.command" value="C:\Users\adell\AppData\Local\Temp\surefire2472032165404067884\surefirebooter-20251029023304783_3.jar C:\Users\adell\AppData\Local\Temp\surefire2472032165404067884 2025-10-29T02-33-03_964-jvmRun1 surefire-20251029023304783_1tmp surefire_0-20251029023304783_2tmp"/>
    <property name="jdk.debug" value="release"/>
    <property name="surefire.test.class.path" value="C:\Users\adell\OneDrive\Documentos\GitHub\proyectoViajesDiseno\Pruebas_Viaje\target\test-classes;C:\Users\adell\OneDrive\Documentos\GitHub\proyectoViajesDiseno\Pruebas_Viaje\target\classes;C:\Users\adell\.m2\repository\itson\dto_negocios\1.0\dto_negocios-1.0.jar;C:\Users\adell\.m2\repository\itson\negocios_registrarViaje\1.0\negocios_registrarViaje-1.0.jar;C:\Users\adell\.m2\repository\org\junit\jupiter\junit-jupiter-api\5.6.0\junit-jupiter-api-5.6.0.jar;C:\Users\adell\.m2\repository\org\apiguardian\apiguardian-api\1.1.0\apiguardian-api-1.1.0.jar;C:\Users\adell\.m2\repository\org\opentest4j\opentest4j\1.2.0\opentest4j-1.2.0.jar;C:\Users\adell\.m2\repository\org\junit\platform\junit-platform-commons\1.6.0\junit-platform-commons-1.6.0.jar;C:\Users\adell\.m2\repository\org\junit\jupiter\junit-jupiter-params\5.6.0\junit-jupiter-params-5.6.0.jar;C:\Users\adell\.m2\repository\org\junit\jupiter\junit-jupiter-engine\5.6.0\junit-jupiter-engine-5.6.0.jar;C:\Users\adell\.m2\repository\org\junit\platform\junit-platform-engine\1.6.0\junit-platform-engine-1.6.0.jar;"/>
    <property name="sun.cpu.endian" value="little"/>
    <property name="user.home" value="C:\Users\adell"/>
    <property name="user.language" value="es"/>
    <property name="java.specification.vendor" value="Oracle Corporation"/>
    <property name="java.version.date" value="2025-04-15"/>
    <property name="java.home" value="C:\Program Files\Java\jdk-24"/>
    <property name="file.separator" value="\"/>
    <property name="basedir" value="C:\Users\adell\OneDrive\Documentos\GitHub\proyectoViajesDiseno\Pruebas_Viaje"/>
    <property name="java.vm.compressedOopsMode" value="Zero based"/>
    <property name="line.separator" value="&#10;"/>
    <property name="java.vm.specification.vendor" value="Oracle Corporation"/>
    <property name="java.specification.name" value="Java Platform API Specification"/>
    <property name="surefire.real.class.path" value="C:\Users\adell\AppData\Local\Temp\surefire2472032165404067884\surefirebooter-20251029023304783_3.jar"/>
    <property name="user.script" value=""/>
    <property name="sun.management.compiler" value="HotSpot 64-Bit Tiered Compilers"/>
    <property name="java.runtime.version" value="24.0.1+9-30"/>
    <property name="user.name" value="adell"/>
    <property name="stdout.encoding" value="Cp1252"/>
    <property name="path.separator" value=";"/>
    <property name="os.version" value="10.0"/>
    <property name="java.runtime.name" value="Java(TM) SE Runtime Environment"/>
    <property name="file.encoding" value="UTF-8"/>
    <property name="java.vm.name" value="Java HotSpot(TM) 64-Bit Server VM"/>
    <property name="maven.ext.class.path" value="C:\Program Files\NetBeans-25\netbeans\java\maven-nblib\netbeans-eventspy.jar"/>
    <property name="localRepository" value="C:\Users\adell\.m2\repository"/>
    <property name="java.vendor.url.bug" value="https://bugreport.java.com/bugreport/"/>
    <property name="java.io.tmpdir" value="C:\Users\adell\AppData\Local\Temp\"/>
    <property name="java.version" value="24.0.1"/>
    <property name="user.dir" value="C:\Users\adell\OneDrive\Documentos\GitHub\proyectoViajesDiseno\Pruebas_Viaje"/>
    <property name="os.arch" value="amd64"/>
    <property name="java.vm.specification.name" value="Java Virtual Machine Specification"/>
    <property name="sun.os.patch.level" value=""/>
    <property name="native.encoding" value="Cp1252"/>
    <property name="java.library.path" value="C:\Program Files\Java\jdk-24\bin;C:\WINDOWS\Sun\Java\bin;C:\WINDOWS\system32;C:\WINDOWS;C:\Program Files\Common Files\Oracle\Java\javapath;C:\WINDOWS\system32;C:\WINDOWS;C:\WINDOWS\System32\Wbem;C:\WINDOWS\System32\WindowsPowerShell\v1.0\;C:\WINDOWS\System32\OpenSSH\;C:\Program Files\NVIDIA Corporation\NVIDIA App\NvDLISR;C:\Program Files (x86)\NVIDIA Corporation\PhysX\Common;C:\Users\adell\AppData\Local\Microsoft\WindowsApps;C:\Users\adell\AppData\Local\GitHubDesktop\bin;."/>
    <property name="java.vm.info" value="mixed mode, sharing"/>
    <property name="stderr.encoding" value="Cp1252"/>
    <property name="java.vendor" value="Oracle Corporation"/>
    <property name="java.vm.version" value="24.0.1+9-30"/>
    <property name="sun.io.unicode.encoding" value="UnicodeLittle"/>
    <property name="java.class.version" value="68.0"/>
  </properties>
  <testcase name="testObtenerVehiculosExitoso" classname="Pruebas.RegistrarViajeTest" time="0.02">
    <system-out><![CDATA[--- Inicializando nuevo test ---
TEST: obtenerVehiculos
MOCK: Retornando 3 vehiculos
]]></system-out>
  </testcase>
  <testcase name="testValidarNoExiste" classname="Pruebas.RegistrarViajeTest" time="0.001">
    <system-out><![CDATA[--- Inicializando nuevo test ---
TEST: validarNoExiste
MOCK: Validacion exitosa - viaje no existe en el sistema
]]></system-out>
  </testcase>
  <testcase name="testObtenerVehiculo_RetornoParametro" classname="Pruebas.RegistrarViajeTest" time="0.003">
    <system-out><![CDATA[--- Inicializando nuevo test ---
TEST: obtenerVehiculo (Verifica retorno)
MOCK: Vehiculo obtenido: Chevrolet Camaro 2022
]]></system-out>
  </testcase>
  <testcase name="testCrearViajeExitoso" classname="Pruebas.RegistrarViajeTest" time="0.007">
    <system-out><![CDATA[--- Inicializando nuevo test ---
TEST: crearViaje (Registro Final)
MOCK: Viaje creado exitosamente
Origen: Itson centro
Destino: Itson nainari
Fecha: Wed Oct 29 02:33:05 MST 2025
Hora: 10:00
]]></system-out>
  </testcase>
  <testcase name="testCrearParada" classname="Pruebas.RegistrarViajeTest" time="0.002">
    <system-out><![CDATA[--- Inicializando nuevo test ---
TEST: crearParada (Agrega una parada)
MOCK: Parada creada - Direccion: Avenida Principal #123, Precio: $5.5
]]></system-out>
  </testcase>
  <testcase name="testAgregarAListaParadas_ListaNula" classname="Pruebas.RegistrarViajeTest" time="0.001">
    <system-out><![CDATA[--- Inicializando nuevo test ---
TEST: agregarAListaParadas (Lista Nula)
]]></system-out>
  </testcase>
  <testcase name="testAgregarAListaParadasSinError" classname="Pruebas.RegistrarViajeTest" time="0.003">
    <system-out><![CDATA[--- Inicializando nuevo test ---
TEST: agregarAListaParadas
MOCK: Se agregaron 3 paradas. Total: 3
]]></system-out>
  </testcase>
</testsuite>